{"/Users/dhruvil/cookieman/src/models/deliveryPersonel.ts": {"path":"/Users/dhruvil/cookieman/src/models/deliveryPersonel.ts","statementMap":{"0":{"start":{"line":1,"column":0},"end":{"line":1,"column":59}},"1":{"start":{"line":2,"column":0},"end":{"line":2,"column":56}},"2":{"start":{"line":4,"column":33},"end":{"line":29,"column":2}},"3":{"start":{"line":26,"column":2},"end":{"line":26,"column":43}},"4":{"start":{"line":27,"column":2},"end":{"line":27,"column":30}},"5":{"start":{"line":31,"column":0},"end":{"line":31,"column":59}}},"fnMap":{"0":{"name":"(anonymous_1)","decl":{"start":{"line":25,"column":12},"end":{"line":25,"column":13}},"loc":{"start":{"line":25,"column":80},"end":{"line":28,"column":2}}}},"branchMap":{},"s":{"0":1,"1":1,"2":1,"3":0,"4":0,"5":1},"f":{"0":0},"b":{}}
,"/Users/dhruvil/cookieman/src/models/order.ts": {"path":"/Users/dhruvil/cookieman/src/models/order.ts","statementMap":{"0":{"start":{"line":1,"column":0},"end":{"line":1,"column":59}},"1":{"start":{"line":3,"column":22},"end":{"line":51,"column":2}},"2":{"start":{"line":48,"column":2},"end":{"line":48,"column":56}},"3":{"start":{"line":49,"column":2},"end":{"line":49,"column":30}},"4":{"start":{"line":53,"column":0},"end":{"line":53,"column":37}}},"fnMap":{"0":{"name":"(anonymous_0)","decl":{"start":{"line":47,"column":12},"end":{"line":47,"column":13}},"loc":{"start":{"line":47,"column":67},"end":{"line":50,"column":2}}}},"branchMap":{},"s":{"0":1,"1":1,"2":0,"3":0,"4":1},"f":{"0":0},"b":{}}
}
